{"/Users/harm/WebstormProjects/aws-cdk-samples/lib/ec2-basic-l1-stack.ts": {"path":"/Users/harm/WebstormProjects/aws-cdk-samples/lib/ec2-basic-l1-stack.ts","statementMap":{"0":{"start":{"line":1,"column":0},"end":{"line":1,"column":35}},"1":{"start":{"line":3,"column":0},"end":{"line":3,"column":43}},"2":{"start":{"line":4,"column":0},"end":{"line":4,"column":97}},"3":{"start":{"line":8,"column":8},"end":{"line":8,"column":32}},"4":{"start":{"line":11,"column":27},"end":{"line":11,"column":84}},"5":{"start":{"line":14,"column":32},"end":{"line":18,"column":10}},"6":{"start":{"line":20,"column":8},"end":{"line":20,"column":113}},"7":{"start":{"line":23,"column":23},"end":{"line":27,"column":33}},"8":{"start":{"line":30,"column":8},"end":{"line":49,"column":11}},"9":{"start":{"line":6,"column":0},"end":{"line":6,"column":13}}},"fnMap":{"0":{"name":"(anonymous_0)","decl":{"start":{"line":7,"column":4},"end":{"line":7,"column":16}},"loc":{"start":{"line":7,"column":68},"end":{"line":50,"column":5}}}},"branchMap":{},"s":{"0":2,"1":2,"2":2,"3":2,"4":2,"5":2,"6":2,"7":2,"8":2,"9":2},"f":{"0":2},"b":{}}
,"/Users/harm/WebstormProjects/aws-cdk-samples/lib/ec2-basic-l2-stack.ts": {"path":"/Users/harm/WebstormProjects/aws-cdk-samples/lib/ec2-basic-l2-stack.ts","statementMap":{"0":{"start":{"line":1,"column":0},"end":{"line":1,"column":35}},"1":{"start":{"line":3,"column":0},"end":{"line":3,"column":43}},"2":{"start":{"line":4,"column":0},"end":{"line":4,"column":107}},"3":{"start":{"line":8,"column":8},"end":{"line":8,"column":32}},"4":{"start":{"line":11,"column":27},"end":{"line":11,"column":84}},"5":{"start":{"line":14,"column":32},"end":{"line":18,"column":10}},"6":{"start":{"line":19,"column":8},"end":{"line":19,"column":113}},"7":{"start":{"line":22,"column":8},"end":{"line":43,"column":11}},"8":{"start":{"line":6,"column":0},"end":{"line":6,"column":13}}},"fnMap":{"0":{"name":"(anonymous_0)","decl":{"start":{"line":7,"column":4},"end":{"line":7,"column":16}},"loc":{"start":{"line":7,"column":68},"end":{"line":44,"column":5}}}},"branchMap":{},"s":{"0":2,"1":2,"2":2,"3":2,"4":2,"5":2,"6":2,"7":2,"8":2},"f":{"0":2},"b":{}}
}
